mongod --help for help and startup options
2015-04-03T07:32:50.314-0400 [initandlisten] MongoDB starting : pid=26270 port=27017 dbpath=/data/db 64-bit host=bi
2015-04-03T07:32:50.315-0400 [initandlisten] db version v2.6.5
2015-04-03T07:32:50.315-0400 [initandlisten] git version: e99d4fcb4279c0279796f237aa92fe3b64560bf6
2015-04-03T07:32:50.315-0400 [initandlisten] build info: Linux build8.nj1.10gen.cc 2.6.32-431.3.1.el6.x86_64 #1 SMP Fri Jan 3 21:39:27 UTC 2014 x86_64 BOOST_LIB_VERSION=1_49
2015-04-03T07:32:50.315-0400 [initandlisten] allocator: tcmalloc
2015-04-03T07:32:50.315-0400 [initandlisten] options: {}
************** 
old lock file: /data/db/mongod.lock.  probably means unclean shutdown,
but there are no journal files to recover.
this is likely human error or filesystem corruption.
please make sure that your journal directory is mounted.
found 2 dbs.
see: http://dochub.mongodb.org/core/repair for more information
*************
2015-04-03T07:32:50.337-0400 [initandlisten] exception in initAndListen: 12596 old lock file, terminating
2015-04-03T07:32:50.337-0400 [initandlisten] dbexit: 
2015-04-03T07:32:50.337-0400 [initandlisten] shutdown: going to close listening sockets...
2015-04-03T07:32:50.337-0400 [initandlisten] shutdown: going to flush diaglog...
2015-04-03T07:32:50.337-0400 [initandlisten] shutdown: going to close sockets...
2015-04-03T07:32:50.337-0400 [initandlisten] shutdown: waiting for fs preallocator...
2015-04-03T07:32:50.337-0400 [initandlisten] shutdown: lock for final commit...
2015-04-03T07:32:50.337-0400 [initandlisten] shutdown: final commit...
2015-04-03T07:32:50.337-0400 [initandlisten] shutdown: closing all files...
2015-04-03T07:32:50.337-0400 [initandlisten] closeAllFiles() finished
2015-04-03T07:32:50.337-0400 [initandlisten] dbexit: really exiting now
mongod --help for help and startup options
2015-04-03T07:33:58.786-0400 [initandlisten] MongoDB starting : pid=26290 port=27017 dbpath=/data/db 64-bit host=bi
2015-04-03T07:33:58.787-0400 [initandlisten] db version v2.6.5
2015-04-03T07:33:58.787-0400 [initandlisten] git version: e99d4fcb4279c0279796f237aa92fe3b64560bf6
2015-04-03T07:33:58.787-0400 [initandlisten] build info: Linux build8.nj1.10gen.cc 2.6.32-431.3.1.el6.x86_64 #1 SMP Fri Jan 3 21:39:27 UTC 2014 x86_64 BOOST_LIB_VERSION=1_49
2015-04-03T07:33:58.787-0400 [initandlisten] allocator: tcmalloc
2015-04-03T07:33:58.787-0400 [initandlisten] options: {}
2015-04-03T07:33:58.798-0400 [initandlisten] journal dir=/data/db/journal
2015-04-03T07:33:58.799-0400 [initandlisten] recover : no journal files present, no recovery needed
2015-04-03T07:33:58.967-0400 [initandlisten] waiting for connections on port 27017
2015-04-03T07:34:59.034-0400 [clientcursormon] mem (MB) res:51 virt:504
2015-04-03T07:34:59.034-0400 [clientcursormon]  mapped (incl journal view):320
2015-04-03T07:34:59.034-0400 [clientcursormon]  connections:0
2015-04-03T07:35:39.906-0400 [initandlisten] connection accepted from 127.0.0.1:43985 #1 (1 connection now open)
2015-04-03T07:36:18.751-0400 [conn1] end connection 127.0.0.1:43985 (0 connections now open)
